{
  "0 debug pnpm:scope": {
    "selected": 1
  },
  "1 error pnpm": {
    "errno": 1,
    "code": "ELIFECYCLE",
    "pkgid": "frontend@0.1.0",
    "stage": "dev",
    "script": "next dev",
    "pkgname": "frontend",
    "err": {
      "name": "Error",
      "message": "frontend@0.1.0 dev: `next dev`\nExit status 1",
      "code": "ELIFECYCLE",
      "stack": "Error: frontend@0.1.0 dev: `next dev`\nExit status 1\n    at EventEmitter.<anonymous> (C:\\Users\\kitti\\AppData\\Roaming\\npm\\node_modules\\pnpm\\dist\\pnpm.cjs:106006:20)\n    at EventEmitter.emit (events.js:400:28)\n    at ChildProcess.<anonymous> (C:\\Users\\kitti\\AppData\\Roaming\\npm\\node_modules\\pnpm\\dist\\pnpm.cjs:94312:18)\n    at ChildProcess.emit (events.js:400:28)\n    at maybeClose (internal/child_process.js:1055:16)\n    at Process.ChildProcess._handle.onexit (internal/child_process.js:288:5)"
    }
  },
  "2 warn pnpm:global": " Local package.json exists, but node_modules missing, did you mean to install?"
}